# JRE version: OpenJDK Runtime Environment JBR-17.0.5+1-653.25-jcef (17.0.5+1) (build 17.0.5+1-b653.25)
# Java VM: OpenJDK 64-Bit Server VM JBR-17.0.5+1-653.25-jcef (17.0.5+1-b653.25, mixed mode, emulated-client, tiered, compressed oops, compressed class ptrs, g1 gc, windows-amd64)
GC Precious Log:
 CPUs: 16 total, 16 available
 Memory: 15792M
 Large Page Support: Disabled
 NUMA Support: Disabled
 Compressed Oops: Enabled (Zero based)
 Heap Region Size: 2M
 Heap Min Capacity: 8M
 Heap Initial Capacity: 248M
 Heap Max Capacity: 3950M
 Pre-touch: Disabled
 Parallel Workers: 13
 Concurrent Workers: 3
 Concurrent Refinement Workers: 13
 Periodic GC: Disabled
Heap:
 garbage-first heap   total 69632K, used 43098K [0x0000000709200000, 0x0000000800000000)
  region size 2048K, 9 young (18432K), 2 survivors (4096K)
 Metaspace       used 83651K, committed 84160K, reserved 1122304K
  class space    used 11837K, committed 12096K, reserved 1048576K
GC Heap History (20 events):
Event: 2.138 GC heap before
{Heap before GC invocations=10 (full 0):
 garbage-first heap   total 69632K, used 45355K [0x0000000709200000, 0x0000000800000000)
  region size 2048K, 16 young (32768K), 2 survivors (4096K)
 Metaspace       used 47737K, committed 48192K, reserved 1097728K
  class space    used 6432K, committed 6656K, reserved 1048576K
}
Event: 2.140 GC heap after
{Heap after GC invocations=11 (full 0):
 garbage-first heap   total 69632K, used 20553K [0x0000000709200000, 0x0000000800000000)
  region size 2048K, 1 young (2048K), 1 survivors (2048K)
 Metaspace       used 47737K, committed 48192K, reserved 1097728K
  class space    used 6432K, committed 6656K, reserved 1048576K
}
Event: 2.522 GC heap before
{Heap before GC invocations=11 (full 0):
 garbage-first heap   total 69632K, used 47177K [0x0000000709200000, 0x0000000800000000)
  region size 2048K, 15 young (30720K), 1 survivors (2048K)
 Metaspace       used 57499K, committed 57984K, reserved 1105920K
  class space    used 7755K, committed 8000K, reserved 1048576K
}
Event: 2.525 GC heap after
{Heap after GC invocations=12 (full 0):
 garbage-first heap   total 69632K, used 22998K [0x0000000709200000, 0x0000000800000000)
  region size 2048K, 2 young (4096K), 2 survivors (4096K)
 Metaspace       used 57499K, committed 57984K, reserved 1105920K
  class space    used 7755K, committed 8000K, reserved 1048576K
}
Event: 2.644 GC heap before
{Heap before GC invocations=12 (full 0):
 garbage-first heap   total 69632K, used 35286K [0x0000000709200000, 0x0000000800000000)
  region size 2048K, 9 young (18432K), 2 survivors (4096K)
 Metaspace       used 59850K, committed 60288K, reserved 1105920K
  class space    used 8067K, committed 8320K, reserved 1048576K
}
Event: 2.646 GC heap after
{Heap after GC invocations=13 (full 0):
 garbage-first heap   total 69632K, used 24113K [0x0000000709200000, 0x0000000800000000)
  region size 2048K, 1 young (2048K), 1 survivors (2048K)
 Metaspace       used 59850K, committed 60288K, reserved 1105920K
  class space    used 8067K, committed 8320K, reserved 1048576K
}
Event: 2.941 GC heap before
{Heap before GC invocations=14 (full 0):
 garbage-first heap   total 69632K, used 50737K [0x0000000709200000, 0x0000000800000000)
  region size 2048K, 14 young (28672K), 1 survivors (2048K)
 Metaspace       used 65081K, committed 65536K, reserved 1105920K
  class space    used 9009K, committed 9216K, reserved 1048576K
}
Event: 2.942 GC heap after
{Heap after GC invocations=15 (full 0):
 garbage-first heap   total 69632K, used 24718K [0x0000000709200000, 0x0000000800000000)
  region size 2048K, 1 young (2048K), 1 survivors (2048K)
 Metaspace       used 65081K, committed 65536K, reserved 1105920K
  class space    used 9009K, committed 9216K, reserved 1048576K
}
Event: 3.514 GC heap before
{Heap before GC invocations=15 (full 0):
 garbage-first heap   total 69632K, used 51342K [0x0000000709200000, 0x0000000800000000)
  region size 2048K, 14 young (28672K), 1 survivors (2048K)
 Metaspace       used 69842K, committed 70272K, reserved 1114112K
  class space    used 9712K, committed 9920K, reserved 1048576K
}
Event: 3.517 GC heap after
{Heap after GC invocations=16 (full 0):
 garbage-first heap   total 69632K, used 26829K [0x0000000709200000, 0x0000000800000000)
  region size 2048K, 2 young (4096K), 2 survivors (4096K)
 Metaspace       used 69842K, committed 70272K, reserved 1114112K
  class space    used 9712K, committed 9920K, reserved 1048576K
}
Event: 3.699 GC heap before
{Heap before GC invocations=16 (full 0):
 garbage-first heap   total 69632K, used 53453K [0x0000000709200000, 0x0000000800000000)
  region size 2048K, 15 young (30720K), 2 survivors (4096K)
 Metaspace       used 73775K, committed 74304K, reserved 1114112K
  class space    used 10394K, committed 10624K, reserved 1048576K
}
Event: 3.701 GC heap after
{Heap after GC invocations=17 (full 0):
 garbage-first heap   total 69632K, used 28244K [0x0000000709200000, 0x0000000800000000)
  region size 2048K, 1 young (2048K), 1 survivors (2048K)
 Metaspace       used 73775K, committed 74304K, reserved 1114112K
  class space    used 10394K, committed 10624K, reserved 1048576K
}
Event: 3.816 GC heap before
{Heap before GC invocations=17 (full 0):
 garbage-first heap   total 69632K, used 52820K [0x0000000709200000, 0x0000000800000000)
  region size 2048K, 13 young (26624K), 1 survivors (2048K)
 Metaspace       used 74719K, committed 75200K, reserved 1114112K
  class space    used 10533K, committed 10752K, reserved 1048576K
}
Event: 3.817 GC heap after
{Heap after GC invocations=18 (full 0):
 garbage-first heap   total 69632K, used 28882K [0x0000000709200000, 0x0000000800000000)
  region size 2048K, 2 young (4096K), 2 survivors (4096K)
 Metaspace       used 74719K, committed 75200K, reserved 1114112K
  class space    used 10533K, committed 10752K, reserved 1048576K
}
Event: 3.963 GC heap before
{Heap before GC invocations=18 (full 0):
 garbage-first heap   total 69632K, used 51410K [0x0000000709200000, 0x0000000800000000)
  region size 2048K, 13 young (26624K), 2 survivors (4096K)
 Metaspace       used 76316K, committed 76736K, reserved 1122304K
  class space    used 10752K, committed 10944K, reserved 1048576K
}
Event: 3.965 GC heap after
{Heap after GC invocations=19 (full 0):
 garbage-first heap   total 69632K, used 30017K [0x0000000709200000, 0x0000000800000000)
  region size 2048K, 1 young (2048K), 1 survivors (2048K)
 Metaspace       used 76316K, committed 76736K, reserved 1122304K
  class space    used 10752K, committed 10944K, reserved 1048576K
}
Event: 4.157 GC heap before
{Heap before GC invocations=19 (full 0):
 garbage-first heap   total 69632K, used 52545K [0x0000000709200000, 0x0000000800000000)
  region size 2048K, 12 young (24576K), 1 survivors (2048K)
 Metaspace       used 77898K, committed 78400K, reserved 1122304K
  class space    used 10997K, committed 11200K, reserved 1048576K
}
Event: 4.159 GC heap after
{Heap after GC invocations=20 (full 0):
 garbage-first heap   total 69632K, used 31492K [0x0000000709200000, 0x0000000800000000)
  region size 2048K, 2 young (4096K), 2 survivors (4096K)
 Metaspace       used 77898K, committed 78400K, reserved 1122304K
  class space    used 10997K, committed 11200K, reserved 1048576K
}
Event: 4.647 GC heap before
{Heap before GC invocations=20 (full 0):
 garbage-first heap   total 69632K, used 51972K [0x0000000709200000, 0x0000000800000000)
  region size 2048K, 12 young (24576K), 2 survivors (4096K)
 Metaspace       used 80629K, committed 81152K, reserved 1122304K
  class space    used 11413K, committed 11648K, reserved 1048576K
}
Event: 4.649 GC heap after
{Heap after GC invocations=21 (full 0):
 garbage-first heap   total 69632K, used 32858K [0x0000000709200000, 0x0000000800000000)
  region size 2048K, 2 young (4096K), 2 survivors (4096K)
 Metaspace       used 80629K, committed 81152K, reserved 1122304K
  class space    used 11413K, committed 11648K, reserved 1048576K
}

